2023-03-10 18:44:26,580 [INFO   ] [APP] exchange started with arguments={rtg.py, run, autotrader.py}
2023-03-10 18:44:26,580 [INFO   ] [APP] configuration={"Engine":{"MarketDataFile":"data/market_data2.csv","MarketEventInterval":0.05,"MarketOpenDelay":5.0,"MatchEventsFile":"match_events.csv","ScoreBoardFile":"score_board.csv","Speed":8.0,"TickInterval":0.25},"Execution":{"Host":"127.0.0.1","Port":12345},"Fees":{"Maker":-0.0001,"Taker":0.0002},"Hud":{"Host":"127.0.0.1","Port":12347},"Information":{"Type":"mmap","Name":"info.dat"},"Instrument":{"EtfClamp":0.002,"TickSize":1.0},"Limits":{"ActiveOrderCountLimit":10,"ActiveVolumeLimit":200,"MessageFrequencyInterval":1.0,"MessageFrequencyLimit":50,"PositionLimit":100},"Traders":{"TraderOne":"secret","TraderTwo":"secret"}}
2023-03-10 18:44:26,580 [INFO   ] [CONTROLLER] starting the match
2023-03-10 18:44:26,581 [INFO   ] [EXECUTION] starting execution server: host=127.0.0.1 port=12345
2023-03-10 18:44:26,581 [INFO   ] [INFORMATION] starting information publisher: type=mmap name=info.dat
2023-03-10 18:44:26,585 [INFO   ] [HEADS_UP] starting heads-up display server: host=127.0.0.1 port=12347
2023-03-10 18:44:26,585 [INFO   ] [INFORMATION] information channel established
2023-03-10 18:44:26,779 [INFO   ] [CONNECTION] fd=24 connection established: peer=127.0.0.1:58943
2023-03-10 18:44:26,779 [INFO   ] [EXECUTION] fd=24 'TraderOne' is ready!
2023-03-10 18:44:27,974 [INFO   ] [CONNECTION] fd=25 connection established: peer=127.0.0.1:58944
2023-03-10 18:44:31,589 [INFO   ] [CONTROLLER] market open
2023-03-10 18:44:31,653 [INFO   ] [COMPETITOR] 'TraderOne' sent error message: time=0.507879 client_order_id=0 message='duplicate or out-of-order client_order_id'
2023-03-10 18:44:31,663 [INFO   ] [COMPETITOR] 'TraderOne' sent error message: time=0.591957 client_order_id=3 message='out-of-order client_order_id in cancel message'
2023-03-10 18:44:31,663 [INFO   ] [COMPETITOR] 'TraderOne' sent error message: time=0.593157 client_order_id=4 message='%d is not a valid volume'
2023-03-10 18:44:31,663 [INFO   ] [COMPETITOR] 'TraderOne' sent error message: time=0.595128 client_order_id=0 message='duplicate or out-of-order client_order_id'
2023-03-10 18:44:31,692 [INFO   ] [COMPETITOR] 'TraderOne' sent error message: time=0.822634 client_order_id=6 message='out-of-order client_order_id in cancel message'
2023-03-10 18:44:31,730 [INFO   ] [COMPETITOR] 'TraderOne' sent error message: time=1.123142 client_order_id=10 message='duplicate or out-of-order client_order_id'
2023-03-10 18:44:31,756 [INFO   ] [COMPETITOR] 'TraderOne' sent error message: time=1.324915 client_order_id=11 message='out-of-order client_order_id in cancel message'
2023-03-10 18:44:32,040 [INFO   ] [COMPETITOR] 'TraderOne' sent error message: time=3.609292 client_order_id=19 message='duplicate or out-of-order client_order_id'
2023-03-10 18:44:32,063 [INFO   ] [COMPETITOR] 'TraderOne' sent error message: time=3.791932 client_order_id=20 message='out-of-order client_order_id in cancel message'
2023-03-10 18:44:32,097 [INFO   ] [COMPETITOR] 'TraderOne' sent error message: time=4.061784 client_order_id=0 message='duplicate or out-of-order client_order_id'
2023-03-10 18:44:32,121 [INFO   ] [COMPETITOR] 'TraderOne' sent error message: time=4.258251 client_order_id=25 message='out-of-order client_order_id in cancel message'
2023-03-10 18:44:32,198 [INFO   ] [COMPETITOR] 'TraderOne' sent error message: time=4.869794 client_order_id=0 message='duplicate or out-of-order client_order_id'
2023-03-10 18:44:32,219 [INFO   ] [COMPETITOR] 'TraderOne' sent error message: time=5.032912 client_order_id=31 message='out-of-order client_order_id in cancel message'
2023-03-10 18:44:32,248 [INFO   ] [COMPETITOR] 'TraderOne' sent error message: time=5.269147 client_order_id=0 message='duplicate or out-of-order client_order_id'
2023-03-10 18:44:32,248 [INFO   ] [COMPETITOR] 'TraderOne' sent error message: time=5.270525 client_order_id=34 message='out-of-order client_order_id in cancel message'
2023-03-10 18:44:32,416 [INFO   ] [COMPETITOR] 'TraderOne' sent error message: time=6.611516 client_order_id=0 message='duplicate or out-of-order client_order_id'
2023-03-10 18:44:32,436 [INFO   ] [COMPETITOR] 'TraderOne' sent error message: time=6.773478 client_order_id=42 message='out-of-order client_order_id in cancel message'
2023-03-10 18:44:32,717 [INFO   ] [COMPETITOR] 'TraderOne' sent error message: time=9.024775 client_order_id=47 message='duplicate or out-of-order client_order_id'
2023-03-10 18:44:32,719 [INFO   ] [COMPETITOR] 'TraderOne' sent error message: time=9.035463 client_order_id=49 message='out-of-order client_order_id in cancel message'
2023-03-10 18:44:32,878 [INFO   ] [COMPETITOR] 'TraderOne' sent error message: time=10.312275 client_order_id=0 message='duplicate or out-of-order client_order_id'
2023-03-10 18:44:32,881 [INFO   ] [COMPETITOR] 'TraderOne' sent error message: time=10.328121 client_order_id=56 message='out-of-order client_order_id in cancel message'
2023-03-10 18:44:33,002 [INFO   ] [COMPETITOR] 'TraderOne' sent error message: time=11.299690 client_order_id=0 message='duplicate or out-of-order client_order_id'
2023-03-10 18:44:33,026 [INFO   ] [COMPETITOR] 'TraderOne' sent error message: time=11.497985 client_order_id=62 message='out-of-order client_order_id in cancel message'
2023-03-10 18:44:33,247 [INFO   ] [COMPETITOR] 'TraderOne' sent error message: time=13.264776 client_order_id=73 message='duplicate or out-of-order client_order_id'
2023-03-10 18:44:33,254 [INFO   ] [COMPETITOR] 'TraderOne' sent error message: time=13.318972 client_order_id=75 message='out-of-order client_order_id in cancel message'
2023-03-10 18:44:33,415 [INFO   ] [COMPETITOR] 'TraderOne' sent error message: time=14.608926 client_order_id=84 message='duplicate or out-of-order client_order_id'
2023-03-10 18:44:33,438 [INFO   ] [COMPETITOR] 'TraderOne' sent error message: time=14.787948 client_order_id=86 message='out-of-order client_order_id in cancel message'
2023-03-10 18:44:33,506 [INFO   ] [COMPETITOR] 'TraderOne' sent error message: time=15.332720 client_order_id=0 message='duplicate or out-of-order client_order_id'
2023-03-10 18:44:33,506 [INFO   ] [COMPETITOR] 'TraderOne' sent error message: time=15.333936 client_order_id=91 message='out-of-order client_order_id in cancel message'
2023-03-10 18:44:33,506 [INFO   ] [COMPETITOR] 'TraderOne' sent error message: time=15.336293 client_order_id=0 message='duplicate or out-of-order client_order_id'
2023-03-10 18:44:33,535 [INFO   ] [COMPETITOR] 'TraderOne' sent error message: time=15.563124 client_order_id=94 message='out-of-order client_order_id in cancel message'
2023-03-10 18:44:33,541 [INFO   ] [COMPETITOR] 'TraderOne' sent error message: time=15.611829 client_order_id=0 message='duplicate or out-of-order client_order_id'
2023-03-10 18:44:33,566 [INFO   ] [COMPETITOR] 'TraderOne' sent error message: time=15.817583 client_order_id=97 message='out-of-order client_order_id in cancel message'
2023-03-10 18:44:33,761 [INFO   ] [COMPETITOR] 'TraderOne' sent error message: time=17.315953 client_order_id=107 message='duplicate or out-of-order client_order_id'
2023-03-10 18:44:33,764 [INFO   ] [COMPETITOR] 'TraderOne' sent error message: time=17.395925 client_order_id=109 message='out-of-order client_order_id in cancel message'
2023-03-10 18:44:34,027 [INFO   ] [COMPETITOR] 'TraderOne' sent error message: time=19.502897 client_order_id=0 message='duplicate or out-of-order client_order_id'
2023-03-10 18:44:34,032 [INFO   ] [COMPETITOR] 'TraderOne' sent error message: time=19.536053 client_order_id=124 message='out-of-order client_order_id in cancel message'
2023-03-10 18:44:34,352 [INFO   ] [COMPETITOR] 'TraderOne' sent error message: time=22.101704 client_order_id=0 message='duplicate or out-of-order client_order_id'
2023-03-10 18:44:34,371 [INFO   ] [COMPETITOR] 'TraderOne' sent error message: time=22.252036 client_order_id=143 message='out-of-order client_order_id in cancel message'
2023-03-10 18:44:34,404 [INFO   ] [COMPETITOR] 'TraderOne' sent error message: time=22.516306 client_order_id=0 message='duplicate or out-of-order client_order_id'
2023-03-10 18:44:34,407 [INFO   ] [COMPETITOR] 'TraderOne' sent error message: time=22.537541 client_order_id=146 message='out-of-order client_order_id in cancel message'
2023-03-10 18:44:34,633 [INFO   ] [COMPETITOR] 'TraderOne' sent error message: time=24.351456 client_order_id=0 message='duplicate or out-of-order client_order_id'
2023-03-10 18:44:34,659 [INFO   ] [COMPETITOR] 'TraderOne' sent error message: time=24.554823 client_order_id=158 message='out-of-order client_order_id in cancel message'
2023-03-10 18:44:34,985 [INFO   ] [COMPETITOR] 'TraderOne' sent error message: time=27.170824 client_order_id=0 message='duplicate or out-of-order client_order_id'
2023-03-10 18:44:35,005 [INFO   ] [COMPETITOR] 'TraderOne' sent error message: time=27.326325 client_order_id=172 message='out-of-order client_order_id in cancel message'
2023-03-10 18:44:35,439 [INFO   ] [COMPETITOR] 'TraderOne' sent error message: time=30.795820 client_order_id=0 message='duplicate or out-of-order client_order_id'
2023-03-10 18:44:35,472 [INFO   ] [COMPETITOR] 'TraderOne' sent error message: time=31.060518 client_order_id=190 message='out-of-order client_order_id in cancel message'
2023-03-10 18:44:35,625 [INFO   ] [COMPETITOR] 'TraderOne' sent error message: time=32.288663 client_order_id=0 message='duplicate or out-of-order client_order_id'
2023-03-10 18:44:35,654 [INFO   ] [COMPETITOR] 'TraderOne' sent error message: time=32.515965 client_order_id=199 message='out-of-order client_order_id in cancel message'
2023-03-10 18:44:35,688 [INFO   ] [COMPETITOR] 'TraderOne' sent error message: time=32.789494 client_order_id=0 message='duplicate or out-of-order client_order_id'
2023-03-10 18:44:35,721 [INFO   ] [COMPETITOR] 'TraderOne' sent error message: time=33.041812 client_order_id=204 message='out-of-order client_order_id in cancel message'
2023-03-10 18:44:35,722 [INFO   ] [COMPETITOR] 'TraderOne' sent error message: time=33.059689 client_order_id=0 message='duplicate or out-of-order client_order_id'
2023-03-10 18:44:35,754 [INFO   ] [COMPETITOR] 'TraderOne' sent error message: time=33.316820 client_order_id=207 message='out-of-order client_order_id in cancel message'
2023-03-10 18:44:36,188 [INFO   ] [COMPETITOR] 'TraderOne' sent error message: time=36.789884 client_order_id=0 message='duplicate or out-of-order client_order_id'
2023-03-10 18:44:36,225 [INFO   ] [COMPETITOR] 'TraderOne' sent error message: time=37.088026 client_order_id=231 message='out-of-order client_order_id in cancel message'
2023-03-10 18:44:36,441 [INFO   ] [COMPETITOR] 'TraderOne' sent error message: time=38.815750 client_order_id=0 message='duplicate or out-of-order client_order_id'
2023-03-10 18:44:36,469 [INFO   ] [COMPETITOR] 'TraderOne' sent error message: time=39.039805 client_order_id=244 message='out-of-order client_order_id in cancel message'
2023-03-10 18:44:36,519 [INFO   ] [COMPETITOR] 'TraderOne' sent error message: time=39.435603 client_order_id=0 message='duplicate or out-of-order client_order_id'
2023-03-10 18:44:36,532 [INFO   ] [COMPETITOR] 'TraderOne' sent error message: time=39.545166 client_order_id=247 message='out-of-order client_order_id in cancel message'
2023-03-10 18:44:36,547 [INFO   ] [COMPETITOR] 'TraderOne' sent error message: time=39.659925 client_order_id=0 message='duplicate or out-of-order client_order_id'
2023-03-10 18:44:36,569 [INFO   ] [COMPETITOR] 'TraderOne' sent error message: time=39.838030 client_order_id=250 message='out-of-order client_order_id in cancel message'
2023-03-10 18:44:36,597 [INFO   ] [COMPETITOR] 'TraderOne' sent error message: time=40.061877 client_order_id=0 message='duplicate or out-of-order client_order_id'
2023-03-10 18:44:36,597 [INFO   ] [COMPETITOR] 'TraderOne' sent error message: time=40.062676 client_order_id=255 message='out-of-order client_order_id in amend message'
2023-03-10 18:44:36,632 [INFO   ] [COMPETITOR] 'TraderOne' sent error message: time=40.343515 client_order_id=255 message='out-of-order client_order_id in cancel message'
2023-03-10 18:44:36,652 [INFO   ] [COMPETITOR] 'TraderOne' sent error message: time=40.502148 client_order_id=256 message='duplicate or out-of-order client_order_id'
2023-03-10 18:44:36,660 [INFO   ] [COMPETITOR] 'TraderOne' sent error message: time=40.563016 client_order_id=258 message='out-of-order client_order_id in cancel message'
2023-03-10 18:44:36,695 [INFO   ] [COMPETITOR] 'TraderOne' sent error message: time=40.848775 client_order_id=0 message='duplicate or out-of-order client_order_id'
2023-03-10 18:44:36,723 [INFO   ] [COMPETITOR] 'TraderOne' sent error message: time=41.049217 client_order_id=262 message='out-of-order client_order_id in cancel message'
2023-03-10 18:44:36,971 [INFO   ] [COMPETITOR] 'TraderOne' sent error message: time=43.055389 client_order_id=0 message='duplicate or out-of-order client_order_id'
2023-03-10 18:44:37,002 [INFO   ] [COMPETITOR] 'TraderOne' sent error message: time=43.304268 client_order_id=279 message='out-of-order client_order_id in cancel message'
2023-03-10 18:44:37,003 [INFO   ] [COMPETITOR] 'TraderOne' sent error message: time=43.307662 client_order_id=0 message='duplicate or out-of-order client_order_id'
2023-03-10 18:44:37,037 [INFO   ] [COMPETITOR] 'TraderOne' sent error message: time=43.582643 client_order_id=282 message='out-of-order client_order_id in cancel message'
2023-03-10 18:44:37,475 [INFO   ] [COMPETITOR] 'TraderOne' sent error message: time=47.091124 client_order_id=0 message='duplicate or out-of-order client_order_id'
2023-03-10 18:44:37,497 [INFO   ] [COMPETITOR] 'TraderOne' sent error message: time=47.263513 client_order_id=296 message='out-of-order client_order_id in cancel message'
2023-03-10 18:44:37,498 [INFO   ] [COMPETITOR] 'TraderOne' sent error message: time=47.268165 client_order_id=0 message='duplicate or out-of-order client_order_id'
2023-03-10 18:44:37,536 [INFO   ] [COMPETITOR] 'TraderOne' sent error message: time=47.575231 client_order_id=299 message='out-of-order client_order_id in cancel message'
2023-03-10 18:44:37,904 [INFO   ] [COMPETITOR] 'TraderOne' sent error message: time=50.517983 client_order_id=0 message='duplicate or out-of-order client_order_id'
2023-03-10 18:44:37,909 [INFO   ] [COMPETITOR] 'TraderOne' sent error message: time=50.558110 client_order_id=310 message='out-of-order client_order_id in cancel message'
2023-03-10 18:44:37,920 [INFO   ] [COMPETITOR] 'TraderOne' sent error message: time=50.648654 client_order_id=0 message='duplicate or out-of-order client_order_id'
2023-03-10 18:44:37,934 [INFO   ] [COMPETITOR] 'TraderOne' sent error message: time=50.755074 client_order_id=313 message='out-of-order client_order_id in cancel message'
2023-03-10 18:44:38,202 [INFO   ] [COMPETITOR] 'TraderOne' sent error message: time=52.902758 client_order_id=316 message='duplicate or out-of-order client_order_id'
2023-03-10 18:44:38,215 [INFO   ] [COMPETITOR] 'TraderOne' sent error message: time=53.010372 client_order_id=319 message='out-of-order client_order_id in cancel message'
2023-03-10 18:44:38,533 [INFO   ] [COMPETITOR] 'TraderOne' sent error message: time=55.554279 client_order_id=0 message='duplicate or out-of-order client_order_id'
2023-03-10 18:44:38,563 [INFO   ] [COMPETITOR] 'TraderOne' sent error message: time=55.784759 client_order_id=332 message='out-of-order client_order_id in cancel message'
2023-03-10 18:44:38,722 [INFO   ] [COMPETITOR] 'TraderOne' sent error message: time=57.064300 client_order_id=0 message='duplicate or out-of-order client_order_id'
2023-03-10 18:44:38,755 [INFO   ] [COMPETITOR] 'TraderOne' sent error message: time=57.323849 client_order_id=339 message='out-of-order client_order_id in cancel message'
2023-03-10 18:44:38,755 [INFO   ] [COMPETITOR] 'TraderOne' sent error message: time=57.327639 client_order_id=0 message='duplicate or out-of-order client_order_id'
2023-03-10 18:44:38,779 [INFO   ] [COMPETITOR] 'TraderOne' sent error message: time=57.515930 client_order_id=342 message='out-of-order client_order_id in cancel message'
2023-03-10 18:44:38,779 [INFO   ] [COMPETITOR] 'TraderOne' sent error message: time=57.519711 client_order_id=0 message='duplicate or out-of-order client_order_id'
2023-03-10 18:44:38,821 [INFO   ] [COMPETITOR] 'TraderOne' sent error message: time=57.854203 client_order_id=345 message='out-of-order client_order_id in cancel message'
2023-03-10 18:44:38,969 [INFO   ] [COMPETITOR] 'TraderOne' sent error message: time=59.035908 client_order_id=0 message='duplicate or out-of-order client_order_id'
2023-03-10 18:44:38,998 [INFO   ] [COMPETITOR] 'TraderOne' sent error message: time=59.268684 client_order_id=354 message='out-of-order client_order_id in cancel message'
2023-03-10 18:44:39,060 [INFO   ] [COMPETITOR] 'TraderOne' sent error message: time=59.765626 client_order_id=0 message='duplicate or out-of-order client_order_id'
2023-03-10 18:44:39,099 [INFO   ] [COMPETITOR] 'TraderOne' sent error message: time=60.077366 client_order_id=361 message='out-of-order client_order_id in cancel message'
2023-03-10 18:44:39,099 [INFO   ] [COMPETITOR] 'TraderOne' sent error message: time=60.083117 client_order_id=0 message='duplicate or out-of-order client_order_id'
2023-03-10 18:44:39,129 [INFO   ] [COMPETITOR] 'TraderOne' sent error message: time=60.319770 client_order_id=364 message='out-of-order client_order_id in cancel message'
2023-03-10 18:44:39,129 [INFO   ] [COMPETITOR] 'TraderOne' sent error message: time=60.323412 client_order_id=0 message='duplicate or out-of-order client_order_id'
2023-03-10 18:44:39,156 [INFO   ] [COMPETITOR] 'TraderOne' sent error message: time=60.531275 client_order_id=367 message='out-of-order client_order_id in cancel message'
2023-03-10 18:44:39,156 [INFO   ] [COMPETITOR] 'TraderOne' sent error message: time=60.537701 client_order_id=0 message='duplicate or out-of-order client_order_id'
2023-03-10 18:44:39,193 [INFO   ] [COMPETITOR] 'TraderOne' sent error message: time=60.831105 client_order_id=370 message='out-of-order client_order_id in cancel message'
2023-03-10 18:44:39,320 [INFO   ] [COMPETITOR] 'TraderOne' sent error message: time=61.846340 client_order_id=0 message='duplicate or out-of-order client_order_id'
2023-03-10 18:44:39,340 [INFO   ] [COMPETITOR] 'TraderOne' sent error message: time=62.007756 client_order_id=380 message='out-of-order client_order_id in cancel message'
2023-03-10 18:44:39,580 [INFO   ] [COMPETITOR] 'TraderOne' sent error message: time=63.929326 client_order_id=0 message='duplicate or out-of-order client_order_id'
2023-03-10 18:44:39,593 [INFO   ] [COMPETITOR] 'TraderOne' sent error message: time=64.028029 client_order_id=390 message='out-of-order client_order_id in cancel message'
2023-03-10 18:44:39,850 [INFO   ] [COMPETITOR] 'TraderOne' sent error message: time=66.088589 client_order_id=403 message='%d is not a valid volume'
2023-03-10 18:44:39,878 [INFO   ] [COMPETITOR] 'TraderOne' sent error message: time=66.308608 client_order_id=405 message='%d is not a valid volume'
2023-03-10 18:44:40,066 [INFO   ] [COMPETITOR] 'TraderOne' sent error message: time=67.817703 client_order_id=413 message='%d is not a valid volume'
2023-03-10 18:44:40,161 [INFO   ] [COMPETITOR] 'TraderOne' sent error message: time=68.578959 client_order_id=0 message='duplicate or out-of-order client_order_id'
2023-03-10 18:44:40,185 [INFO   ] [COMPETITOR] 'TraderOne' sent error message: time=68.763320 client_order_id=419 message='out-of-order client_order_id in cancel message'
2023-03-10 18:44:40,279 [INFO   ] [COMPETITOR] 'TraderOne' sent error message: time=69.518604 client_order_id=424 message='duplicate or out-of-order client_order_id'
2023-03-10 18:44:40,279 [INFO   ] [COMPETITOR] 'TraderOne' sent error message: time=69.520675 client_order_id=425 message='out-of-order client_order_id in cancel message'
2023-03-10 18:44:40,280 [INFO   ] [COMPETITOR] 'TraderOne' sent error message: time=69.524203 client_order_id=0 message='duplicate or out-of-order client_order_id'
2023-03-10 18:44:40,311 [INFO   ] [COMPETITOR] 'TraderOne' sent error message: time=69.775009 client_order_id=428 message='out-of-order client_order_id in cancel message'
2023-03-10 18:44:40,312 [INFO   ] [COMPETITOR] 'TraderOne' sent error message: time=69.779772 client_order_id=0 message='duplicate or out-of-order client_order_id'
2023-03-10 18:44:40,350 [INFO   ] [COMPETITOR] 'TraderOne' sent error message: time=70.087392 client_order_id=431 message='out-of-order client_order_id in cancel message'
2023-03-10 18:44:40,350 [INFO   ] [COMPETITOR] 'TraderOne' sent error message: time=70.091226 client_order_id=0 message='duplicate or out-of-order client_order_id'
2023-03-10 18:44:40,382 [INFO   ] [COMPETITOR] 'TraderOne' sent error message: time=70.341701 client_order_id=434 message='out-of-order client_order_id in cancel message'
2023-03-10 18:44:40,395 [INFO   ] [COMPETITOR] 'TraderOne' sent error message: time=70.446374 client_order_id=0 message='duplicate or out-of-order client_order_id'
2023-03-10 18:44:40,404 [INFO   ] [COMPETITOR] 'TraderOne' sent error message: time=70.520931 client_order_id=437 message='out-of-order client_order_id in cancel message'
2023-03-10 18:44:40,405 [INFO   ] [COMPETITOR] 'TraderOne' sent error message: time=70.528853 client_order_id=438 message='duplicate or out-of-order client_order_id'
2023-03-10 18:44:40,443 [INFO   ] [COMPETITOR] 'TraderOne' sent error message: time=70.830309 client_order_id=440 message='out-of-order client_order_id in cancel message'
2023-03-10 18:44:40,522 [INFO   ] [COMPETITOR] 'TraderOne' sent error message: time=71.463470 client_order_id=445 message='duplicate or out-of-order client_order_id'
2023-03-10 18:44:40,532 [INFO   ] [COMPETITOR] 'TraderOne' sent error message: time=71.539736 client_order_id=446 message='out-of-order client_order_id in cancel message'
2023-03-10 18:44:40,532 [INFO   ] [COMPETITOR] 'TraderOne' sent error message: time=71.543599 client_order_id=0 message='duplicate or out-of-order client_order_id'
2023-03-10 18:44:40,566 [INFO   ] [COMPETITOR] 'TraderOne' sent error message: time=71.819298 client_order_id=449 message='out-of-order client_order_id in cancel message'
2023-03-10 18:44:40,567 [INFO   ] [COMPETITOR] 'TraderOne' sent error message: time=71.822006 client_order_id=0 message='duplicate or out-of-order client_order_id'
2023-03-10 18:44:40,591 [INFO   ] [COMPETITOR] 'TraderOne' sent error message: time=72.019201 client_order_id=452 message='out-of-order client_order_id in cancel message'
2023-03-10 18:44:40,822 [INFO   ] [COMPETITOR] 'TraderOne' sent error message: time=73.866677 client_order_id=459 message='duplicate or out-of-order client_order_id'
2023-03-10 18:44:40,840 [INFO   ] [COMPETITOR] 'TraderOne' sent error message: time=74.007125 client_order_id=461 message='out-of-order client_order_id in cancel message'
2023-03-10 18:44:40,840 [INFO   ] [COMPETITOR] 'TraderOne' sent error message: time=74.010334 client_order_id=0 message='duplicate or out-of-order client_order_id'
2023-03-10 18:44:40,874 [INFO   ] [COMPETITOR] 'TraderOne' sent error message: time=74.280820 client_order_id=464 message='out-of-order client_order_id in cancel message'
2023-03-10 18:44:40,875 [INFO   ] [COMPETITOR] 'TraderOne' sent error message: time=74.284740 client_order_id=0 message='duplicate or out-of-order client_order_id'
2023-03-10 18:44:40,903 [INFO   ] [COMPETITOR] 'TraderOne' sent error message: time=74.512907 client_order_id=467 message='out-of-order client_order_id in cancel message'
2023-03-10 18:44:40,941 [INFO   ] [COMPETITOR] 'TraderOne' sent error message: time=74.812320 client_order_id=469 message='duplicate or out-of-order client_order_id'
2023-03-10 18:44:40,964 [INFO   ] [COMPETITOR] 'TraderOne' sent error message: time=75.002851 client_order_id=471 message='out-of-order client_order_id in cancel message'
2023-03-10 18:44:41,508 [INFO   ] [COMPETITOR] 'TraderOne' sent error message: time=79.355207 client_order_id=486 message='order rejected: in cross with an existing order'
2023-03-10 18:44:41,902 [INFO   ] [COMPETITOR] 'TraderOne' sent error message: time=82.507686 client_order_id=493 message='duplicate or out-of-order client_order_id'
2023-03-10 18:44:41,907 [INFO   ] [COMPETITOR] 'TraderOne' sent error message: time=82.546175 client_order_id=496 message='out-of-order client_order_id in cancel message'
2023-03-10 18:44:41,966 [INFO   ] [COMPETITOR] 'TraderOne' sent error message: time=83.011695 client_order_id=0 message='duplicate or out-of-order client_order_id'
2023-03-10 18:44:41,976 [INFO   ] [COMPETITOR] 'TraderOne' sent error message: time=83.086409 client_order_id=501 message='out-of-order client_order_id in cancel message'
2023-03-10 18:44:41,976 [INFO   ] [COMPETITOR] 'TraderOne' sent error message: time=83.096792 client_order_id=503 message='order rejected: in cross with an existing order'
2023-03-10 18:44:41,996 [INFO   ] [COMPETITOR] 'TraderOne' sent error message: time=83.255281 client_order_id=504 message='order rejected: in cross with an existing order'
2023-03-10 18:44:42,091 [INFO   ] [COMPETITOR] 'TraderOne' sent error message: time=84.012063 client_order_id=0 message='duplicate or out-of-order client_order_id'
2023-03-10 18:44:42,091 [INFO   ] [COMPETITOR] 'TraderOne' sent error message: time=84.014677 client_order_id=508 message='out-of-order client_order_id in cancel message'
2023-03-10 18:44:42,371 [INFO   ] [COMPETITOR] 'TraderOne' sent error message: time=86.254596 client_order_id=519 message='duplicate or out-of-order client_order_id'
2023-03-10 18:44:42,407 [INFO   ] [COMPETITOR] 'TraderOne' sent error message: time=86.546614 client_order_id=520 message='out-of-order client_order_id in cancel message'
2023-03-10 18:44:42,529 [INFO   ] [COMPETITOR] 'TraderOne' sent error message: time=87.517455 client_order_id=0 message='duplicate or out-of-order client_order_id'
2023-03-10 18:44:42,538 [INFO   ] [COMPETITOR] 'TraderOne' sent error message: time=87.588370 client_order_id=528 message='out-of-order client_order_id in cancel message'
2023-03-10 18:44:42,781 [INFO   ] [COMPETITOR] 'TraderOne' sent error message: time=89.539934 client_order_id=0 message='duplicate or out-of-order client_order_id'
2023-03-10 18:44:42,816 [INFO   ] [COMPETITOR] 'TraderOne' sent error message: time=89.817472 client_order_id=539 message='out-of-order client_order_id in cancel message'
2023-03-10 18:44:43,121 [INFO   ] [COMPETITOR] 'TraderOne' sent error message: time=92.258291 client_order_id=548 message='duplicate or out-of-order client_order_id'
2023-03-10 18:44:43,132 [INFO   ] [COMPETITOR] 'TraderOne' sent error message: time=92.343994 client_order_id=550 message='out-of-order client_order_id in cancel message'
2023-03-10 18:44:43,365 [INFO   ] [COMPETITOR] 'TraderOne' sent error message: time=94.209756 client_order_id=0 message='duplicate or out-of-order client_order_id'
2023-03-10 18:44:43,381 [INFO   ] [COMPETITOR] 'TraderOne' sent error message: time=94.331197 client_order_id=559 message='out-of-order client_order_id in cancel message'
2023-03-10 18:44:43,584 [INFO   ] [COMPETITOR] 'TraderOne' sent error message: time=95.958714 client_order_id=566 message='duplicate or out-of-order client_order_id'
2023-03-10 18:44:43,595 [INFO   ] [COMPETITOR] 'TraderOne' sent error message: time=96.047955 client_order_id=568 message='out-of-order client_order_id in cancel message'
2023-03-10 18:44:43,689 [INFO   ] [COMPETITOR] 'TraderOne' sent error message: time=96.797888 client_order_id=574 message='duplicate or out-of-order client_order_id'
2023-03-10 18:44:43,691 [INFO   ] [COMPETITOR] 'TraderOne' sent error message: time=96.815461 client_order_id=575 message='out-of-order client_order_id in cancel message'
2023-03-10 18:44:44,253 [INFO   ] [COMPETITOR] 'TraderOne' sent error message: time=101.314153 client_order_id=0 message='duplicate or out-of-order client_order_id'
2023-03-10 18:44:44,253 [INFO   ] [COMPETITOR] 'TraderOne' sent error message: time=101.315384 client_order_id=598 message='out-of-order client_order_id in cancel message'
2023-03-10 18:44:45,153 [INFO   ] [COMPETITOR] 'TraderOne' sent error message: time=108.512824 client_order_id=626 message='duplicate or out-of-order client_order_id'
2023-03-10 18:44:45,154 [INFO   ] [COMPETITOR] 'TraderOne' sent error message: time=108.516167 client_order_id=628 message='out-of-order client_order_id in cancel message'
2023-03-10 18:44:45,215 [INFO   ] [COMPETITOR] 'TraderOne' sent error message: time=109.009048 client_order_id=634 message='%d is not a valid volume'
2023-03-10 18:44:45,309 [INFO   ] [COMPETITOR] 'TraderOne' sent error message: time=109.762746 client_order_id=638 message='order rejected: in cross with an existing order'
2023-03-10 18:44:45,344 [INFO   ] [COMPETITOR] 'TraderOne' sent error message: time=110.036767 client_order_id=641 message='%d is not a valid volume'
2023-03-10 18:44:45,374 [INFO   ] [COMPETITOR] 'TraderOne' sent error message: time=110.277328 client_order_id=642 message='%d is not a valid volume'
2023-03-10 18:44:45,413 [INFO   ] [COMPETITOR] 'TraderOne' sent error message: time=110.593383 client_order_id=643 message='order rejected: in cross with an existing order'
2023-03-10 18:44:45,414 [INFO   ] [COMPETITOR] 'TraderOne' sent error message: time=110.596413 client_order_id=644 message='%d is not a valid volume'
2023-03-10 18:44:45,441 [INFO   ] [COMPETITOR] 'TraderOne' sent error message: time=110.813418 client_order_id=645 message='order rejected: in cross with an existing order'
2023-03-10 18:44:45,474 [INFO   ] [COMPETITOR] 'TraderOne' sent error message: time=111.079571 client_order_id=647 message='order rejected: in cross with an existing order'
2023-03-10 18:44:45,497 [INFO   ] [COMPETITOR] 'TraderOne' sent error message: time=111.266169 client_order_id=649 message='%d is not a valid volume'
2023-03-10 18:44:45,553 [INFO   ] [COMPETITOR] 'TraderOne' sent error message: time=111.708676 client_order_id=0 message='duplicate or out-of-order client_order_id'
2023-03-10 18:44:45,565 [INFO   ] [COMPETITOR] 'TraderOne' sent error message: time=111.805087 client_order_id=651 message='out-of-order client_order_id in cancel message'
2023-03-10 18:44:45,630 [INFO   ] [COMPETITOR] 'TraderOne' sent error message: time=112.327013 client_order_id=656 message='duplicate or out-of-order client_order_id'
2023-03-10 18:44:45,659 [INFO   ] [COMPETITOR] 'TraderOne' sent error message: time=112.561683 client_order_id=658 message='out-of-order client_order_id in amend message'
2023-03-10 18:44:45,660 [INFO   ] [COMPETITOR] 'TraderOne' sent error message: time=112.568471 client_order_id=658 message='out-of-order client_order_id in cancel message'
2023-03-10 18:44:45,746 [INFO   ] [COMPETITOR] 'TraderOne' sent error message: time=113.253295 client_order_id=0 message='duplicate or out-of-order client_order_id'
2023-03-10 18:44:45,751 [INFO   ] [COMPETITOR] 'TraderOne' sent error message: time=113.299186 client_order_id=662 message='out-of-order client_order_id in cancel message'
2023-03-10 18:44:45,840 [INFO   ] [COMPETITOR] 'TraderOne' sent error message: time=114.004350 client_order_id=0 message='duplicate or out-of-order client_order_id'
2023-03-10 18:44:45,847 [INFO   ] [COMPETITOR] 'TraderOne' sent error message: time=114.057859 client_order_id=666 message='out-of-order client_order_id in cancel message'
2023-03-10 18:44:45,861 [INFO   ] [COMPETITOR] 'TraderOne' sent error message: time=114.172245 client_order_id=667 message='duplicate or out-of-order client_order_id'
2023-03-10 18:44:45,881 [INFO   ] [COMPETITOR] 'TraderOne' sent error message: time=114.333198 client_order_id=669 message='out-of-order client_order_id in cancel message'
2023-03-10 18:44:45,984 [INFO   ] [COMPETITOR] 'TraderOne' sent error message: time=115.159064 client_order_id=0 message='duplicate or out-of-order client_order_id'
2023-03-10 18:44:45,998 [INFO   ] [COMPETITOR] 'TraderOne' sent error message: time=115.272353 client_order_id=675 message='out-of-order client_order_id in cancel message'
2023-03-10 18:44:46,090 [INFO   ] [COMPETITOR] 'TraderOne' sent error message: time=116.005118 client_order_id=0 message='duplicate or out-of-order client_order_id'
2023-03-10 18:44:46,097 [INFO   ] [COMPETITOR] 'TraderOne' sent error message: time=116.066723 client_order_id=680 message='out-of-order client_order_id in cancel message'
2023-03-10 18:44:46,159 [INFO   ] [COMPETITOR] 'TraderOne' sent error message: time=116.561385 client_order_id=0 message='duplicate or out-of-order client_order_id'
2023-03-10 18:44:46,188 [INFO   ] [COMPETITOR] 'TraderOne' sent error message: time=116.790777 client_order_id=687 message='out-of-order client_order_id in cancel message'
2023-03-10 18:44:46,224 [INFO   ] [COMPETITOR] 'TraderOne' sent error message: time=117.078651 client_order_id=689 message='duplicate or out-of-order client_order_id'
2023-03-10 18:44:46,246 [INFO   ] [COMPETITOR] 'TraderOne' sent error message: time=117.256745 client_order_id=691 message='out-of-order client_order_id in cancel message'
2023-03-10 18:44:46,247 [INFO   ] [COMPETITOR] 'TraderOne' sent error message: time=117.260868 client_order_id=0 message='duplicate or out-of-order client_order_id'
2023-03-10 18:44:46,287 [INFO   ] [COMPETITOR] 'TraderOne' sent error message: time=117.583717 client_order_id=694 message='out-of-order client_order_id in cancel message'
2023-03-10 18:44:46,287 [INFO   ] [COMPETITOR] 'TraderOne' sent error message: time=117.588329 client_order_id=0 message='duplicate or out-of-order client_order_id'
2023-03-10 18:44:46,316 [INFO   ] [COMPETITOR] 'TraderOne' sent error message: time=117.797933 client_order_id=697 message='out-of-order client_order_id in cancel message'
2023-03-10 18:44:46,333 [INFO   ] [COMPETITOR] 'TraderOne' sent error message: time=117.953526 client_order_id=0 message='duplicate or out-of-order client_order_id'
2023-03-10 18:44:46,349 [INFO   ] [COMPETITOR] 'TraderOne' sent error message: time=118.079108 client_order_id=700 message='out-of-order client_order_id in cancel message'
2023-03-10 18:44:46,459 [INFO   ] [COMPETITOR] 'TraderOne' sent error message: time=118.960416 client_order_id=704 message='duplicate or out-of-order client_order_id'
2023-03-10 18:44:46,475 [INFO   ] [COMPETITOR] 'TraderOne' sent error message: time=119.085692 client_order_id=705 message='out-of-order client_order_id in cancel message'
2023-03-10 18:44:46,810 [INFO   ] [COMPETITOR] 'TraderOne' sent error message: time=121.770686 client_order_id=724 message='order rejected: in cross with an existing order'
2023-03-10 18:44:46,852 [INFO   ] [COMPETITOR] 'TraderOne' sent error message: time=122.105047 client_order_id=0 message='duplicate or out-of-order client_order_id'
2023-03-10 18:44:46,879 [INFO   ] [COMPETITOR] 'TraderOne' sent error message: time=122.319016 client_order_id=727 message='out-of-order client_order_id in cancel message'
2023-03-10 18:44:46,967 [INFO   ] [COMPETITOR] 'TraderOne' sent error message: time=123.023299 client_order_id=732 message='duplicate or out-of-order client_order_id'
2023-03-10 18:44:46,971 [INFO   ] [COMPETITOR] 'TraderOne' sent error message: time=123.054115 client_order_id=734 message='out-of-order client_order_id in cancel message'
2023-03-10 18:44:47,093 [INFO   ] [COMPETITOR] 'TraderOne' sent error message: time=124.029787 client_order_id=0 message='duplicate or out-of-order client_order_id'
2023-03-10 18:44:47,128 [INFO   ] [COMPETITOR] 'TraderOne' sent error message: time=124.312490 client_order_id=740 message='out-of-order client_order_id in cancel message'
2023-03-10 18:44:47,129 [INFO   ] [COMPETITOR] 'TraderOne' sent error message: time=124.319255 client_order_id=0 message='duplicate or out-of-order client_order_id'
2023-03-10 18:44:47,152 [INFO   ] [COMPETITOR] 'TraderOne' sent error message: time=124.493892 client_order_id=743 message='out-of-order client_order_id in cancel message'
2023-03-10 18:44:47,299 [INFO   ] [COMPETITOR] 'TraderOne' sent error message: time=125.683434 client_order_id=0 message='duplicate or out-of-order client_order_id'
2023-03-10 18:44:47,314 [INFO   ] [COMPETITOR] 'TraderOne' sent error message: time=125.799249 client_order_id=753 message='out-of-order client_order_id in cancel message'
2023-03-10 18:44:47,315 [INFO   ] [COMPETITOR] 'TraderOne' sent error message: time=125.805761 client_order_id=0 message='duplicate or out-of-order client_order_id'
2023-03-10 18:44:47,339 [INFO   ] [COMPETITOR] 'TraderOne' sent error message: time=126.002389 client_order_id=756 message='out-of-order client_order_id in cancel message'
2023-03-10 18:44:47,683 [INFO   ] [COMPETITOR] 'TraderOne' sent error message: time=128.754715 client_order_id=0 message='duplicate or out-of-order client_order_id'
2023-03-10 18:44:47,720 [INFO   ] [COMPETITOR] 'TraderOne' sent error message: time=129.037797 client_order_id=773 message='out-of-order client_order_id in cancel message'
2023-03-10 18:44:47,754 [INFO   ] [COMPETITOR] 'TraderOne' sent error message: time=129.317736 client_order_id=0 message='duplicate or out-of-order client_order_id'
2023-03-10 18:44:47,777 [INFO   ] [COMPETITOR] 'TraderOne' sent error message: time=129.494757 client_order_id=778 message='out-of-order client_order_id in cancel message'
2023-03-10 18:44:48,069 [INFO   ] [COMPETITOR] 'TraderOne' sent error message: time=131.841083 client_order_id=0 message='duplicate or out-of-order client_order_id'
2023-03-10 18:44:48,094 [INFO   ] [COMPETITOR] 'TraderOne' sent error message: time=132.039369 client_order_id=794 message='out-of-order client_order_id in cancel message'
2023-03-10 18:44:48,379 [INFO   ] [COMPETITOR] 'TraderOne' sent error message: time=134.317906 client_order_id=809 message='amend operation would increase order volume'
2023-03-10 18:44:48,379 [INFO   ] [COMPETITOR] 'TraderOne' sent error message: time=134.322148 client_order_id=809 message='duplicate or out-of-order client_order_id'
2023-03-10 18:44:48,406 [INFO   ] [COMPETITOR] 'TraderOne' sent error message: time=134.531551 client_order_id=811 message='out-of-order client_order_id in cancel message'
2023-03-10 18:44:48,460 [INFO   ] [COMPETITOR] 'TraderOne' sent error message: time=134.965616 client_order_id=815 message='duplicate or out-of-order client_order_id'
2023-03-10 18:44:48,468 [INFO   ] [COMPETITOR] 'TraderOne' sent error message: time=135.029526 client_order_id=816 message='out-of-order client_order_id in cancel message'
2023-03-10 18:44:48,516 [INFO   ] [COMPETITOR] 'TraderOne' sent error message: time=135.419442 client_order_id=0 message='duplicate or out-of-order client_order_id'
2023-03-10 18:44:48,537 [INFO   ] [COMPETITOR] 'TraderOne' sent error message: time=135.581059 client_order_id=820 message='out-of-order client_order_id in cancel message'
2023-03-10 18:44:48,537 [INFO   ] [COMPETITOR] 'TraderOne' sent error message: time=135.583669 client_order_id=0 message='duplicate or out-of-order client_order_id'
2023-03-10 18:44:48,566 [INFO   ] [COMPETITOR] 'TraderOne' sent error message: time=135.817058 client_order_id=823 message='out-of-order client_order_id in cancel message'
2023-03-10 18:44:48,566 [INFO   ] [COMPETITOR] 'TraderOne' sent error message: time=135.820510 client_order_id=0 message='duplicate or out-of-order client_order_id'
2023-03-10 18:44:48,597 [INFO   ] [COMPETITOR] 'TraderOne' sent error message: time=136.063827 client_order_id=826 message='out-of-order client_order_id in cancel message'
2023-03-10 18:44:48,597 [INFO   ] [COMPETITOR] 'TraderOne' sent error message: time=136.068024 client_order_id=0 message='duplicate or out-of-order client_order_id'
2023-03-10 18:44:48,630 [INFO   ] [COMPETITOR] 'TraderOne' sent error message: time=136.323473 client_order_id=829 message='out-of-order client_order_id in cancel message'
2023-03-10 18:44:48,630 [INFO   ] [COMPETITOR] 'TraderOne' sent error message: time=136.328272 client_order_id=0 message='duplicate or out-of-order client_order_id'
2023-03-10 18:44:48,654 [INFO   ] [COMPETITOR] 'TraderOne' sent error message: time=136.520242 client_order_id=832 message='out-of-order client_order_id in cancel message'
2023-03-10 18:44:48,654 [INFO   ] [COMPETITOR] 'TraderOne' sent error message: time=136.523599 client_order_id=0 message='duplicate or out-of-order client_order_id'
2023-03-10 18:44:48,691 [INFO   ] [COMPETITOR] 'TraderOne' sent error message: time=136.819563 client_order_id=835 message='out-of-order client_order_id in cancel message'
2023-03-10 18:44:48,727 [INFO   ] [COMPETITOR] 'TraderOne' sent error message: time=137.104029 client_order_id=834 message='duplicate or out-of-order client_order_id'
2023-03-10 18:44:48,757 [INFO   ] [COMPETITOR] 'TraderOne' sent error message: time=137.343885 client_order_id=838 message='out-of-order client_order_id in cancel message'
2023-03-10 18:44:48,764 [INFO   ] [COMPETITOR] 'TraderOne' sent error message: time=137.400388 client_order_id=840 message='duplicate or out-of-order client_order_id'
2023-03-10 18:44:48,781 [INFO   ] [COMPETITOR] 'TraderOne' sent error message: time=137.532768 client_order_id=841 message='out-of-order client_order_id in cancel message'
2023-03-10 18:44:48,844 [INFO   ] [COMPETITOR] 'TraderOne' sent error message: time=138.043498 client_order_id=0 message='duplicate or out-of-order client_order_id'
2023-03-10 18:44:48,873 [INFO   ] [COMPETITOR] 'TraderOne' sent error message: time=138.268547 client_order_id=846 message='out-of-order client_order_id in cancel message'
2023-03-10 18:44:48,873 [INFO   ] [COMPETITOR] 'TraderOne' sent error message: time=138.274019 client_order_id=0 message='duplicate or out-of-order client_order_id'
2023-03-10 18:44:48,913 [INFO   ] [COMPETITOR] 'TraderOne' sent error message: time=138.593378 client_order_id=849 message='out-of-order client_order_id in cancel message'
2023-03-10 18:44:49,822 [INFO   ] [COMPETITOR] 'TraderOne' sent error message: time=145.865786 client_order_id=0 message='duplicate or out-of-order client_order_id'
2023-03-10 18:44:49,848 [INFO   ] [COMPETITOR] 'TraderOne' sent error message: time=146.073445 client_order_id=887 message='out-of-order client_order_id in cancel message'
2023-03-10 18:44:50,280 [INFO   ] [COMPETITOR] 'TraderOne' sent error message: time=149.525635 client_order_id=907 message='duplicate or out-of-order client_order_id'
2023-03-10 18:44:50,281 [INFO   ] [COMPETITOR] 'TraderOne' sent error message: time=149.537558 client_order_id=908 message='out-of-order client_order_id in cancel message'
2023-03-10 18:44:50,596 [INFO   ] [COMPETITOR] 'TraderOne' sent error message: time=152.052797 client_order_id=916 message='duplicate or out-of-order client_order_id'
2023-03-10 18:44:50,599 [INFO   ] [COMPETITOR] 'TraderOne' sent error message: time=152.076043 client_order_id=917 message='out-of-order client_order_id in cancel message'
2023-03-10 18:44:50,722 [INFO   ] [COMPETITOR] 'TraderOne' sent error message: time=153.061584 client_order_id=920 message='duplicate or out-of-order client_order_id'
2023-03-10 18:44:50,748 [INFO   ] [COMPETITOR] 'TraderOne' sent error message: time=153.270375 client_order_id=921 message='out-of-order client_order_id in cancel message'
2023-03-10 18:44:50,784 [INFO   ] [COMPETITOR] 'TraderOne' sent error message: time=153.557581 client_order_id=923 message='duplicate or out-of-order client_order_id'
2023-03-10 18:44:50,788 [INFO   ] [COMPETITOR] 'TraderOne' sent error message: time=153.588890 client_order_id=924 message='out-of-order client_order_id in cancel message'
2023-03-10 18:44:50,789 [INFO   ] [COMPETITOR] 'TraderOne' sent error message: time=153.599507 client_order_id=0 message='duplicate or out-of-order client_order_id'
2023-03-10 18:44:50,820 [INFO   ] [COMPETITOR] 'TraderOne' sent error message: time=153.840710 client_order_id=927 message='out-of-order client_order_id in cancel message'
2023-03-10 18:44:50,821 [INFO   ] [COMPETITOR] 'TraderOne' sent error message: time=153.854440 client_order_id=0 message='duplicate or out-of-order client_order_id'
2023-03-10 18:44:50,848 [INFO   ] [COMPETITOR] 'TraderOne' sent error message: time=154.070314 client_order_id=930 message='out-of-order client_order_id in cancel message'
2023-03-10 18:44:50,953 [INFO   ] [COMPETITOR] 'TraderOne' sent error message: time=154.915330 client_order_id=936 message='duplicate or out-of-order client_order_id'
2023-03-10 18:44:50,966 [INFO   ] [COMPETITOR] 'TraderOne' sent error message: time=155.016998 client_order_id=937 message='out-of-order client_order_id in amend message'
2023-03-10 18:44:50,972 [INFO   ] [COMPETITOR] 'TraderOne' sent error message: time=155.067496 client_order_id=937 message='out-of-order client_order_id in cancel message'
2023-03-10 18:44:50,983 [INFO   ] [COMPETITOR] 'TraderOne' sent error message: time=155.152805 client_order_id=938 message='duplicate or out-of-order client_order_id'
2023-03-10 18:44:51,007 [INFO   ] [COMPETITOR] 'TraderOne' sent error message: time=155.330941 client_order_id=940 message='out-of-order client_order_id in cancel message'
2023-03-10 18:44:51,123 [INFO   ] [COMPETITOR] 'TraderOne' sent error message: time=156.269278 client_order_id=943 message='duplicate or out-of-order client_order_id'
2023-03-10 18:44:51,127 [INFO   ] [COMPETITOR] 'TraderOne' sent error message: time=156.302147 client_order_id=944 message='out-of-order client_order_id in cancel message'
2023-03-10 18:44:52,228 [INFO   ] [COMPETITOR] 'TraderOne' sent error message: time=165.112187 client_order_id=0 message='duplicate or out-of-order client_order_id'
2023-03-10 18:44:52,256 [INFO   ] [COMPETITOR] 'TraderOne' sent error message: time=165.336830 client_order_id=991 message='out-of-order client_order_id in cancel message'
2023-03-10 18:44:52,572 [INFO   ] [COMPETITOR] 'TraderOne' sent error message: time=167.860907 client_order_id=0 message='duplicate or out-of-order client_order_id'
2023-03-10 18:44:52,593 [INFO   ] [COMPETITOR] 'TraderOne' sent error message: time=168.028884 client_order_id=1003 message='out-of-order client_order_id in cancel message'
2023-03-10 18:44:52,719 [INFO   ] [COMPETITOR] 'TraderOne' sent error message: time=169.040005 client_order_id=1009 message='duplicate or out-of-order client_order_id'
2023-03-10 18:44:52,748 [INFO   ] [COMPETITOR] 'TraderOne' sent error message: time=169.270830 client_order_id=1010 message='out-of-order client_order_id in cancel message'
2023-03-10 18:44:52,783 [INFO   ] [COMPETITOR] 'TraderOne' sent error message: time=169.556461 client_order_id=1014 message='duplicate or out-of-order client_order_id'
2023-03-10 18:44:52,811 [INFO   ] [COMPETITOR] 'TraderOne' sent error message: time=169.776647 client_order_id=1015 message='out-of-order client_order_id in amend message'
2023-03-10 18:44:52,811 [INFO   ] [COMPETITOR] 'TraderOne' sent error message: time=169.777411 client_order_id=1015 message='out-of-order client_order_id in cancel message'
2023-03-10 18:44:53,153 [INFO   ] [COMPETITOR] 'TraderOne' sent error message: time=172.515900 client_order_id=1030 message='order rejected: in cross with an existing order'
2023-03-10 18:44:53,188 [INFO   ] [COMPETITOR] 'TraderOne' sent error message: time=172.792583 client_order_id=1032 message='order rejected: in cross with an existing order'
2023-03-10 18:44:53,226 [INFO   ] [COMPETITOR] 'TraderOne' sent error message: time=173.085995 client_order_id=1034 message='order rejected: in cross with an existing order'
2023-03-10 18:44:53,472 [INFO   ] [COMPETITOR] 'TraderOne' sent error message: time=175.063313 client_order_id=1043 message='duplicate or out-of-order client_order_id'
2023-03-10 18:44:53,505 [INFO   ] [COMPETITOR] 'TraderOne' sent error message: time=175.324618 client_order_id=1044 message='out-of-order client_order_id in cancel message'
2023-03-10 18:44:53,627 [INFO   ] [COMPETITOR] 'TraderOne' sent error message: time=176.307810 client_order_id=1052 message='duplicate or out-of-order client_order_id'
2023-03-10 18:44:53,658 [INFO   ] [COMPETITOR] 'TraderOne' sent error message: time=176.551833 client_order_id=1053 message='out-of-order client_order_id in cancel message'
2023-03-10 18:44:53,974 [INFO   ] [COMPETITOR] 'TraderOne' sent error message: time=179.078198 client_order_id=1061 message='order rejected: in cross with an existing order'
2023-03-10 18:44:53,998 [INFO   ] [COMPETITOR] 'TraderOne' sent error message: time=179.270541 client_order_id=1063 message='order rejected: in cross with an existing order'
2023-03-10 18:44:54,037 [INFO   ] [COMPETITOR] 'TraderOne' sent error message: time=179.582427 client_order_id=1064 message='order rejected: in cross with an existing order'
2023-03-10 18:44:54,061 [INFO   ] [COMPETITOR] 'TraderOne' sent error message: time=179.779759 client_order_id=1066 message='order rejected: in cross with an existing order'
2023-03-10 18:44:54,097 [INFO   ] [COMPETITOR] 'TraderOne' sent error message: time=180.064346 client_order_id=1068 message='order rejected: in cross with an existing order'
2023-03-10 18:44:54,124 [INFO   ] [COMPETITOR] 'TraderOne' sent error message: time=180.282492 client_order_id=1070 message='order rejected: in cross with an existing order'
2023-03-10 18:44:54,153 [INFO   ] [COMPETITOR] 'TraderOne' sent error message: time=180.510641 client_order_id=1071 message='order rejected: in cross with an existing order'
2023-03-10 18:44:54,190 [INFO   ] [COMPETITOR] 'TraderOne' sent error message: time=180.805762 client_order_id=1072 message='order rejected: in cross with an existing order'
2023-03-10 18:44:54,228 [INFO   ] [COMPETITOR] 'TraderOne' sent error message: time=181.099730 client_order_id=1073 message='order rejected: in cross with an existing order'
2023-03-10 18:44:54,248 [INFO   ] [COMPETITOR] 'TraderOne' sent error message: time=181.276411 client_order_id=1074 message='order rejected: in cross with an existing order'
2023-03-10 18:44:54,279 [INFO   ] [COMPETITOR] 'TraderOne' sent error message: time=181.519932 client_order_id=1076 message='order rejected: in cross with an existing order'
2023-03-10 18:44:54,313 [INFO   ] [COMPETITOR] 'TraderOne' sent error message: time=181.790981 client_order_id=1078 message='order rejected: in cross with an existing order'
2023-03-10 18:44:54,350 [INFO   ] [COMPETITOR] 'TraderOne' sent error message: time=182.091719 client_order_id=1080 message='order rejected: in cross with an existing order'
2023-03-10 18:44:54,370 [INFO   ] [COMPETITOR] 'TraderOne' sent error message: time=182.249834 client_order_id=1081 message='order rejected: in cross with an existing order'
2023-03-10 18:44:54,411 [INFO   ] [COMPETITOR] 'TraderOne' sent error message: time=182.578715 client_order_id=1082 message='order rejected: in cross with an existing order'
2023-03-10 18:44:54,567 [INFO   ] [COMPETITOR] 'TraderOne' sent error message: time=183.828528 client_order_id=0 message='duplicate or out-of-order client_order_id'
2023-03-10 18:44:54,592 [INFO   ] [COMPETITOR] 'TraderOne' sent error message: time=184.026906 client_order_id=1090 message='out-of-order client_order_id in cancel message'
2023-03-10 18:44:54,593 [INFO   ] [COMPETITOR] 'TraderOne' sent error message: time=184.029957 client_order_id=0 message='duplicate or out-of-order client_order_id'
2023-03-10 18:44:54,631 [INFO   ] [COMPETITOR] 'TraderOne' sent error message: time=184.336514 client_order_id=1093 message='out-of-order client_order_id in cancel message'
2023-03-10 18:44:54,631 [INFO   ] [COMPETITOR] 'TraderOne' sent error message: time=184.339560 client_order_id=0 message='duplicate or out-of-order client_order_id'
2023-03-10 18:44:54,656 [INFO   ] [COMPETITOR] 'TraderOne' sent error message: time=184.498283 client_order_id=1096 message='out-of-order client_order_id in cancel message'
2023-03-10 18:44:54,753 [INFO   ] [COMPETITOR] 'TraderOne' sent error message: time=185.310662 client_order_id=0 message='duplicate or out-of-order client_order_id'
2023-03-10 18:44:54,784 [INFO   ] [COMPETITOR] 'TraderOne' sent error message: time=185.561084 client_order_id=1105 message='out-of-order client_order_id in cancel message'
2023-03-10 18:44:55,103 [INFO   ] [COMPETITOR] 'TraderOne' sent error message: time=188.115585 client_order_id=0 message='duplicate or out-of-order client_order_id'
2023-03-10 18:44:55,126 [INFO   ] [COMPETITOR] 'TraderOne' sent error message: time=188.296324 client_order_id=1117 message='out-of-order client_order_id in cancel message'
2023-03-10 18:44:55,220 [INFO   ] [COMPETITOR] 'TraderOne' sent error message: time=189.046335 client_order_id=0 message='duplicate or out-of-order client_order_id'
2023-03-10 18:44:55,229 [INFO   ] [COMPETITOR] 'TraderOne' sent error message: time=189.122060 client_order_id=1122 message='out-of-order client_order_id in amend message'
2023-03-10 18:44:55,259 [INFO   ] [COMPETITOR] 'TraderOne' sent error message: time=189.359176 client_order_id=1122 message='out-of-order client_order_id in cancel message'
2023-03-10 18:44:55,577 [INFO   ] [COMPETITOR] 'TraderOne' sent error message: time=191.901780 client_order_id=1134 message='duplicate or out-of-order client_order_id'
2023-03-10 18:44:55,600 [INFO   ] [COMPETITOR] 'TraderOne' sent error message: time=192.088861 client_order_id=1136 message='out-of-order client_order_id in cancel message'
2023-03-10 18:44:55,624 [INFO   ] [COMPETITOR] 'TraderOne' sent error message: time=192.279544 client_order_id=0 message='duplicate or out-of-order client_order_id'
2023-03-10 18:44:55,661 [INFO   ] [COMPETITOR] 'TraderOne' sent error message: time=192.580605 client_order_id=1141 message='out-of-order client_order_id in cancel message'
2023-03-10 18:44:55,906 [INFO   ] [COMPETITOR] 'TraderOne' sent error message: time=194.533253 client_order_id=0 message='duplicate or out-of-order client_order_id'
2023-03-10 18:44:55,942 [INFO   ] [COMPETITOR] 'TraderOne' sent error message: time=194.826637 client_order_id=1154 message='out-of-order client_order_id in cancel message'
2023-03-10 18:44:56,415 [INFO   ] [COMPETITOR] 'TraderOne' sent error message: time=198.605403 client_order_id=1175 message='duplicate or out-of-order client_order_id'
2023-03-10 18:44:56,445 [INFO   ] [COMPETITOR] 'TraderOne' sent error message: time=198.847852 client_order_id=1176 message='out-of-order client_order_id in cancel message'
2023-03-10 18:44:56,564 [INFO   ] [COMPETITOR] 'TraderOne' sent error message: time=199.803063 client_order_id=1182 message='duplicate or out-of-order client_order_id'
2023-03-10 18:44:56,566 [INFO   ] [COMPETITOR] 'TraderOne' sent error message: time=199.815129 client_order_id=1183 message='out-of-order client_order_id in cancel message'
2023-03-10 18:44:56,615 [INFO   ] [COMPETITOR] 'TraderOne' sent error message: time=200.212348 client_order_id=1187 message='duplicate or out-of-order client_order_id'
2023-03-10 18:44:56,632 [INFO   ] [COMPETITOR] 'TraderOne' sent error message: time=200.343668 client_order_id=1188 message='out-of-order client_order_id in cancel message'
2023-03-10 18:44:56,787 [INFO   ] [COMPETITOR] 'TraderOne' sent error message: time=201.583859 client_order_id=1193 message='duplicate or out-of-order client_order_id'
2023-03-10 18:44:56,808 [INFO   ] [COMPETITOR] 'TraderOne' sent error message: time=201.752748 client_order_id=1194 message='out-of-order client_order_id in cancel message'
2023-03-10 18:44:57,162 [INFO   ] [COMPETITOR] 'TraderOne' sent error message: time=204.581004 client_order_id=1211 message='%d is not a valid volume'
2023-03-10 18:44:57,162 [INFO   ] [COMPETITOR] 'TraderOne' sent error message: time=204.583872 client_order_id=0 message='duplicate or out-of-order client_order_id'
2023-03-10 18:44:57,191 [INFO   ] [COMPETITOR] 'TraderOne' sent error message: time=204.815250 client_order_id=1212 message='out-of-order client_order_id in cancel message'
2023-03-10 18:44:57,191 [INFO   ] [COMPETITOR] 'TraderOne' sent error message: time=204.818346 client_order_id=0 message='duplicate or out-of-order client_order_id'
2023-03-10 18:44:57,219 [INFO   ] [COMPETITOR] 'TraderOne' sent error message: time=205.035027 client_order_id=1215 message='out-of-order client_order_id in cancel message'
2023-03-10 18:44:57,220 [INFO   ] [COMPETITOR] 'TraderOne' sent error message: time=205.047965 client_order_id=0 message='duplicate or out-of-order client_order_id'
2023-03-10 18:44:57,247 [INFO   ] [COMPETITOR] 'TraderOne' sent error message: time=205.263331 client_order_id=1218 message='out-of-order client_order_id in cancel message'
2023-03-10 18:44:57,609 [INFO   ] [COMPETITOR] 'TraderOne' sent error message: time=208.157370 client_order_id=0 message='duplicate or out-of-order client_order_id'
2023-03-10 18:44:57,624 [INFO   ] [COMPETITOR] 'TraderOne' sent error message: time=208.273108 client_order_id=1232 message='out-of-order client_order_id in cancel message'
2023-03-10 18:44:58,134 [INFO   ] [COMPETITOR] 'TraderOne' sent error message: time=212.364530 client_order_id=0 message='duplicate or out-of-order client_order_id'
2023-03-10 18:44:58,160 [INFO   ] [COMPETITOR] 'TraderOne' sent error message: time=212.568768 client_order_id=1251 message='out-of-order client_order_id in cancel message'
2023-03-10 18:44:58,160 [INFO   ] [COMPETITOR] 'TraderOne' sent error message: time=212.572651 client_order_id=0 message='duplicate or out-of-order client_order_id'
2023-03-10 18:44:58,196 [INFO   ] [COMPETITOR] 'TraderOne' sent error message: time=212.858402 client_order_id=1254 message='out-of-order client_order_id in cancel message'
2023-03-10 18:44:58,197 [INFO   ] [COMPETITOR] 'TraderOne' sent error message: time=212.861846 client_order_id=1255 message='duplicate or out-of-order client_order_id'
2023-03-10 18:44:58,223 [INFO   ] [COMPETITOR] 'TraderOne' sent error message: time=213.067558 client_order_id=1257 message='out-of-order client_order_id in cancel message'
2023-03-10 18:44:58,719 [INFO   ] [COMPETITOR] 'TraderOne' sent error message: time=217.041942 client_order_id=0 message='duplicate or out-of-order client_order_id'
2023-03-10 18:44:58,754 [INFO   ] [COMPETITOR] 'TraderOne' sent error message: time=217.321082 client_order_id=1279 message='out-of-order client_order_id in cancel message'
2023-03-10 18:44:58,754 [INFO   ] [COMPETITOR] 'TraderOne' sent error message: time=217.324853 client_order_id=0 message='duplicate or out-of-order client_order_id'
2023-03-10 18:44:58,779 [INFO   ] [COMPETITOR] 'TraderOne' sent error message: time=217.518916 client_order_id=1282 message='out-of-order client_order_id in cancel message'
2023-03-10 18:44:59,047 [INFO   ] [COMPETITOR] 'TraderOne' sent error message: time=219.667491 client_order_id=0 message='duplicate or out-of-order client_order_id'
2023-03-10 18:44:59,068 [INFO   ] [COMPETITOR] 'TraderOne' sent error message: time=219.832002 client_order_id=1299 message='out-of-order client_order_id in cancel message'
2023-03-10 18:44:59,101 [INFO   ] [COMPETITOR] 'TraderOne' sent error message: time=220.099932 client_order_id=0 message='duplicate or out-of-order client_order_id'
2023-03-10 18:44:59,124 [INFO   ] [COMPETITOR] 'TraderOne' sent error message: time=220.274328 client_order_id=1304 message='out-of-order client_order_id in cancel message'
2023-03-10 18:44:59,687 [INFO   ] [COMPETITOR] 'TraderOne' sent error message: time=224.783799 client_order_id=0 message='duplicate or out-of-order client_order_id'
2023-03-10 18:44:59,687 [INFO   ] [COMPETITOR] 'TraderOne' sent error message: time=224.787084 client_order_id=1329 message='out-of-order client_order_id in cancel message'
2023-03-10 18:44:59,776 [INFO   ] [COMPETITOR] 'TraderOne' sent error message: time=225.494165 client_order_id=0 message='duplicate or out-of-order client_order_id'
2023-03-10 18:44:59,780 [INFO   ] [COMPETITOR] 'TraderOne' sent error message: time=225.525702 client_order_id=1334 message='out-of-order client_order_id in cancel message'
2023-03-10 18:44:59,819 [INFO   ] [COMPETITOR] 'TraderOne' sent error message: time=225.845174 client_order_id=0 message='duplicate or out-of-order client_order_id'
2023-03-10 18:44:59,848 [INFO   ] [COMPETITOR] 'TraderOne' sent error message: time=226.073180 client_order_id=1337 message='out-of-order client_order_id in cancel message'
2023-03-10 18:45:00,796 [INFO   ] [COMPETITOR] 'TraderOne' sent error message: time=233.658063 client_order_id=0 message='duplicate or out-of-order client_order_id'
2023-03-10 18:45:00,807 [INFO   ] [COMPETITOR] 'TraderOne' sent error message: time=233.746197 client_order_id=1373 message='out-of-order client_order_id in cancel message'
2023-03-10 18:45:01,183 [INFO   ] [COMPETITOR] 'TraderOne' sent error message: time=236.750224 client_order_id=1386 message='duplicate or out-of-order client_order_id'
2023-03-10 18:45:01,193 [INFO   ] [COMPETITOR] 'TraderOne' sent error message: time=236.833540 client_order_id=1388 message='out-of-order client_order_id in cancel message'
2023-03-10 18:45:03,145 [INFO   ] [COMPETITOR] 'TraderOne' sent error message: time=252.446289 client_order_id=1448 message='duplicate or out-of-order client_order_id'
2023-03-10 18:45:03,159 [INFO   ] [COMPETITOR] 'TraderOne' sent error message: time=252.549081 client_order_id=1450 message='out-of-order client_order_id in cancel message'
2023-03-10 18:45:03,251 [INFO   ] [COMPETITOR] 'TraderOne' sent error message: time=253.293448 client_order_id=1457 message='order rejected: in cross with an existing order'
2023-03-10 18:45:03,966 [INFO   ] [COMPETITOR] 'TraderOne' sent error message: time=259.016445 client_order_id=1479 message='duplicate or out-of-order client_order_id'
2023-03-10 18:45:03,974 [INFO   ] [COMPETITOR] 'TraderOne' sent error message: time=259.075455 client_order_id=1484 message='out-of-order client_order_id in cancel message'
2023-03-10 18:45:04,153 [INFO   ] [COMPETITOR] 'TraderOne' sent error message: time=260.512247 client_order_id=0 message='duplicate or out-of-order client_order_id'
2023-03-10 18:45:04,161 [INFO   ] [COMPETITOR] 'TraderOne' sent error message: time=260.575914 client_order_id=1492 message='out-of-order client_order_id in cancel message'
2023-03-10 18:45:04,354 [INFO   ] [COMPETITOR] 'TraderOne' sent error message: time=262.121580 client_order_id=0 message='duplicate or out-of-order client_order_id'
2023-03-10 18:45:04,380 [INFO   ] [COMPETITOR] 'TraderOne' sent error message: time=262.327526 client_order_id=1503 message='out-of-order client_order_id in cancel message'
2023-03-10 18:45:04,446 [INFO   ] [COMPETITOR] 'TraderOne' sent error message: time=262.853963 client_order_id=1506 message='duplicate or out-of-order client_order_id'
2023-03-10 18:45:04,470 [INFO   ] [COMPETITOR] 'TraderOne' sent error message: time=263.036010 client_order_id=1508 message='out-of-order client_order_id in cancel message'
2023-03-10 18:45:04,529 [INFO   ] [COMPETITOR] 'TraderOne' sent error message: time=263.519216 client_order_id=0 message='duplicate or out-of-order client_order_id'
2023-03-10 18:45:04,562 [INFO   ] [COMPETITOR] 'TraderOne' sent error message: time=263.769268 client_order_id=1515 message='out-of-order client_order_id in cancel message'
2023-03-10 18:45:04,815 [INFO   ] [COMPETITOR] 'TraderOne' sent error message: time=265.806680 client_order_id=0 message='duplicate or out-of-order client_order_id'
2023-03-10 18:45:04,840 [INFO   ] [COMPETITOR] 'TraderOne' sent error message: time=266.005052 client_order_id=1527 message='out-of-order client_order_id in cancel message'
2023-03-10 18:45:04,871 [INFO   ] [COMPETITOR] 'TraderOne' sent error message: time=266.256354 client_order_id=0 message='duplicate or out-of-order client_order_id'
2023-03-10 18:45:04,906 [INFO   ] [COMPETITOR] 'TraderOne' sent error message: time=266.536244 client_order_id=1530 message='out-of-order client_order_id in cancel message'
2023-03-10 18:45:04,988 [INFO   ] [COMPETITOR] 'TraderOne' sent error message: time=267.193585 client_order_id=1533 message='duplicate or out-of-order client_order_id'
2023-03-10 18:45:04,995 [INFO   ] [COMPETITOR] 'TraderOne' sent error message: time=267.246173 client_order_id=1535 message='out-of-order client_order_id in cancel message'
2023-03-10 18:45:05,316 [INFO   ] [COMPETITOR] 'TraderOne' sent error message: time=269.814936 client_order_id=0 message='duplicate or out-of-order client_order_id'
2023-03-10 18:45:05,317 [INFO   ] [COMPETITOR] 'TraderOne' sent error message: time=269.824819 client_order_id=1547 message='out-of-order client_order_id in cancel message'
2023-03-10 18:45:05,317 [INFO   ] [COMPETITOR] 'TraderOne' sent error message: time=269.827881 client_order_id=0 message='duplicate or out-of-order client_order_id'
2023-03-10 18:45:05,352 [INFO   ] [COMPETITOR] 'TraderOne' sent error message: time=270.087317 client_order_id=1550 message='out-of-order client_order_id in cancel message'
2023-03-10 18:45:05,733 [INFO   ] [COMPETITOR] 'TraderOne' sent error message: time=273.150277 client_order_id=1561 message='duplicate or out-of-order client_order_id'
2023-03-10 18:45:05,753 [INFO   ] [COMPETITOR] 'TraderOne' sent error message: time=273.309909 client_order_id=1562 message='out-of-order client_order_id in cancel message'
2023-03-10 18:45:05,753 [INFO   ] [COMPETITOR] 'TraderOne' sent error message: time=273.313678 client_order_id=0 message='duplicate or out-of-order client_order_id'
2023-03-10 18:45:05,785 [INFO   ] [COMPETITOR] 'TraderOne' sent error message: time=273.544950 client_order_id=1565 message='out-of-order client_order_id in cancel message'
2023-03-10 18:45:05,787 [INFO   ] [COMPETITOR] 'TraderOne' sent error message: time=273.588076 client_order_id=0 message='duplicate or out-of-order client_order_id'
2023-03-10 18:45:05,816 [INFO   ] [COMPETITOR] 'TraderOne' sent error message: time=273.819628 client_order_id=1568 message='out-of-order client_order_id in cancel message'
2023-03-10 18:45:05,817 [INFO   ] [COMPETITOR] 'TraderOne' sent error message: time=273.823402 client_order_id=0 message='duplicate or out-of-order client_order_id'
2023-03-10 18:45:05,840 [INFO   ] [COMPETITOR] 'TraderOne' sent error message: time=274.007105 client_order_id=1571 message='out-of-order client_order_id in cancel message'
2023-03-10 18:45:06,004 [INFO   ] [COMPETITOR] 'TraderOne' sent error message: time=275.319272 client_order_id=1579 message='duplicate or out-of-order client_order_id'
2023-03-10 18:45:06,036 [INFO   ] [COMPETITOR] 'TraderOne' sent error message: time=275.573939 client_order_id=1580 message='out-of-order client_order_id in cancel message'
2023-03-10 18:45:06,036 [INFO   ] [COMPETITOR] 'TraderOne' sent error message: time=275.578866 client_order_id=0 message='duplicate or out-of-order client_order_id'
2023-03-10 18:45:06,068 [INFO   ] [COMPETITOR] 'TraderOne' sent error message: time=275.833849 client_order_id=1583 message='out-of-order client_order_id in cancel message'
2023-03-10 18:45:06,068 [INFO   ] [COMPETITOR] 'TraderOne' sent error message: time=275.834441 client_order_id=1584 message='order rejected: in cross with an existing order'
2023-03-10 18:45:06,091 [INFO   ] [COMPETITOR] 'TraderOne' sent error message: time=276.013951 client_order_id=1586 message='order rejected: in cross with an existing order'
2023-03-10 18:45:06,248 [INFO   ] [COMPETITOR] 'TraderOne' sent error message: time=277.271347 client_order_id=0 message='duplicate or out-of-order client_order_id'
2023-03-10 18:45:06,287 [INFO   ] [COMPETITOR] 'TraderOne' sent error message: time=277.588880 client_order_id=1593 message='out-of-order client_order_id in cancel message'
2023-03-10 18:45:06,308 [INFO   ] [COMPETITOR] 'TraderOne' sent error message: time=277.751441 client_order_id=0 message='duplicate or out-of-order client_order_id'
2023-03-10 18:45:06,312 [INFO   ] [COMPETITOR] 'TraderOne' sent error message: time=277.785760 client_order_id=1596 message='out-of-order client_order_id in cancel message'
2023-03-10 18:45:06,662 [INFO   ] [COMPETITOR] 'TraderOne' sent error message: time=280.585830 client_order_id=0 message='duplicate or out-of-order client_order_id'
2023-03-10 18:45:06,683 [INFO   ] [COMPETITOR] 'TraderOne' sent error message: time=280.756202 client_order_id=1611 message='out-of-order client_order_id in amend message'
2023-03-10 18:45:06,692 [INFO   ] [COMPETITOR] 'TraderOne' sent error message: time=280.824566 client_order_id=1611 message='out-of-order client_order_id in cancel message'
2023-03-10 18:45:06,763 [INFO   ] [COMPETITOR] 'TraderOne' sent error message: time=281.396957 client_order_id=0 message='duplicate or out-of-order client_order_id'
2023-03-10 18:45:06,784 [INFO   ] [COMPETITOR] 'TraderOne' sent error message: time=281.560745 client_order_id=1618 message='out-of-order client_order_id in cancel message'
2023-03-10 18:45:06,904 [INFO   ] [COMPETITOR] 'TraderOne' sent error message: time=282.521195 client_order_id=0 message='duplicate or out-of-order client_order_id'
2023-03-10 18:45:06,907 [INFO   ] [COMPETITOR] 'TraderOne' sent error message: time=282.546771 client_order_id=1626 message='out-of-order client_order_id in cancel message'
2023-03-10 18:45:06,907 [INFO   ] [COMPETITOR] 'TraderOne' sent error message: time=282.550173 client_order_id=0 message='duplicate or out-of-order client_order_id'
2023-03-10 18:45:06,933 [INFO   ] [COMPETITOR] 'TraderOne' sent error message: time=282.751034 client_order_id=1629 message='out-of-order client_order_id in cancel message'
2023-03-10 18:45:06,970 [INFO   ] [COMPETITOR] 'TraderOne' sent error message: time=283.049509 client_order_id=0 message='duplicate or out-of-order client_order_id'
2023-03-10 18:45:06,996 [INFO   ] [COMPETITOR] 'TraderOne' sent error message: time=283.260883 client_order_id=1634 message='out-of-order client_order_id in cancel message'
2023-03-10 18:45:07,039 [INFO   ] [COMPETITOR] 'TraderOne' sent error message: time=283.600378 client_order_id=0 message='duplicate or out-of-order client_order_id'
2023-03-10 18:45:07,060 [INFO   ] [COMPETITOR] 'TraderOne' sent error message: time=283.770987 client_order_id=1638 message='out-of-order client_order_id in cancel message'
2023-03-10 18:45:07,209 [INFO   ] [COMPETITOR] 'TraderOne' sent error message: time=284.960237 client_order_id=0 message='duplicate or out-of-order client_order_id'
2023-03-10 18:45:07,214 [INFO   ] [COMPETITOR] 'TraderOne' sent error message: time=285.004472 client_order_id=1643 message='out-of-order client_order_id in cancel message'
2023-03-10 18:45:07,537 [INFO   ] [COMPETITOR] 'TraderOne' sent error message: time=287.583656 client_order_id=1655 message='duplicate or out-of-order client_order_id'
2023-03-10 18:45:07,562 [INFO   ] [COMPETITOR] 'TraderOne' sent error message: time=287.784650 client_order_id=1656 message='out-of-order client_order_id in cancel message'
2023-03-10 18:45:07,627 [INFO   ] [COMPETITOR] 'TraderOne' sent error message: time=288.304933 client_order_id=1658 message='duplicate or out-of-order client_order_id'
2023-03-10 18:45:07,629 [INFO   ] [COMPETITOR] 'TraderOne' sent error message: time=288.324376 client_order_id=1659 message='out-of-order client_order_id in cancel message'
2023-03-10 18:45:07,690 [INFO   ] [COMPETITOR] 'TraderOne' sent error message: time=288.807832 client_order_id=0 message='duplicate or out-of-order client_order_id'
2023-03-10 18:45:07,692 [INFO   ] [COMPETITOR] 'TraderOne' sent error message: time=288.823505 client_order_id=1664 message='out-of-order client_order_id in cancel message'
2023-03-10 18:45:07,716 [INFO   ] [COMPETITOR] 'TraderOne' sent error message: time=289.015377 client_order_id=0 message='duplicate or out-of-order client_order_id'
2023-03-10 18:45:07,751 [INFO   ] [COMPETITOR] 'TraderOne' sent error message: time=289.299529 client_order_id=1669 message='out-of-order client_order_id in cancel message'
2023-03-10 18:45:07,753 [INFO   ] [COMPETITOR] 'TraderOne' sent error message: time=289.310631 client_order_id=0 message='duplicate or out-of-order client_order_id'
2023-03-10 18:45:07,780 [INFO   ] [COMPETITOR] 'TraderOne' sent error message: time=289.524393 client_order_id=1672 message='out-of-order client_order_id in cancel message'
2023-03-10 18:45:07,780 [INFO   ] [COMPETITOR] 'TraderOne' sent error message: time=289.530179 client_order_id=0 message='duplicate or out-of-order client_order_id'
2023-03-10 18:45:07,816 [INFO   ] [COMPETITOR] 'TraderOne' sent error message: time=289.815042 client_order_id=1675 message='out-of-order client_order_id in cancel message'
2023-03-10 18:45:08,315 [INFO   ] [COMPETITOR] 'TraderOne' sent error message: time=293.809977 client_order_id=0 message='duplicate or out-of-order client_order_id'
2023-03-10 18:45:08,348 [INFO   ] [COMPETITOR] 'TraderOne' sent error message: time=294.075521 client_order_id=1691 message='out-of-order client_order_id in cancel message'
2023-03-10 18:45:08,349 [INFO   ] [COMPETITOR] 'TraderOne' sent error message: time=294.079020 client_order_id=0 message='duplicate or out-of-order client_order_id'
2023-03-10 18:45:08,379 [INFO   ] [COMPETITOR] 'TraderOne' sent error message: time=294.318689 client_order_id=1694 message='out-of-order client_order_id in cancel message'
2023-03-10 18:45:08,591 [INFO   ] [COMPETITOR] 'TraderOne' sent error message: time=296.014766 client_order_id=1706 message='duplicate or out-of-order client_order_id'
2023-03-10 18:45:08,599 [INFO   ] [COMPETITOR] 'TraderOne' sent error message: time=296.075883 client_order_id=1708 message='out-of-order client_order_id in cancel message'
2023-03-10 18:45:08,734 [INFO   ] [COMPETITOR] 'TraderOne' sent error message: time=297.160641 client_order_id=0 message='duplicate or out-of-order client_order_id'
2023-03-10 18:45:08,755 [INFO   ] [COMPETITOR] 'TraderOne' sent error message: time=297.330255 client_order_id=1714 message='out-of-order client_order_id in cancel message'
2023-03-10 18:45:08,817 [INFO   ] [COMPETITOR] 'TraderOne' sent error message: time=297.827915 client_order_id=0 message='duplicate or out-of-order client_order_id'
2023-03-10 18:45:08,846 [INFO   ] [COMPETITOR] 'TraderOne' sent error message: time=298.061246 client_order_id=1718 message='out-of-order client_order_id in cancel message'
2023-03-10 18:45:08,989 [INFO   ] [COMPETITOR] 'TraderOne' sent error message: time=299.205812 client_order_id=1725 message='amend operation would increase order volume'
2023-03-10 18:45:08,990 [INFO   ] [COMPETITOR] 'TraderOne' sent error message: time=299.206511 client_order_id=1725 message='duplicate or out-of-order client_order_id'
2023-03-10 18:45:09,007 [INFO   ] [COMPETITOR] 'TraderOne' sent error message: time=299.347421 client_order_id=1726 message='out-of-order client_order_id in cancel message'
2023-03-10 18:45:09,083 [INFO   ] [COMPETITOR] 'TraderOne' sent error message: time=299.956636 client_order_id=0 message='duplicate or out-of-order client_order_id'
2023-03-10 18:45:09,100 [INFO   ] [COMPETITOR] 'TraderOne' sent error message: time=300.090346 client_order_id=1729 message='out-of-order client_order_id in cancel message'
2023-03-10 18:45:09,368 [INFO   ] [COMPETITOR] 'TraderOne' sent error message: time=302.236211 client_order_id=1740 message='duplicate or out-of-order client_order_id'
2023-03-10 18:45:09,379 [INFO   ] [COMPETITOR] 'TraderOne' sent error message: time=302.315757 client_order_id=1742 message='out-of-order client_order_id in cancel message'
2023-03-10 18:45:10,012 [INFO   ] [COMPETITOR] 'TraderOne' sent error message: time=307.383031 client_order_id=0 message='duplicate or out-of-order client_order_id'
2023-03-10 18:45:10,031 [INFO   ] [COMPETITOR] 'TraderOne' sent error message: time=307.534169 client_order_id=1770 message='out-of-order client_order_id in cancel message'
2023-03-10 18:45:10,144 [INFO   ] [COMPETITOR] 'TraderOne' sent error message: time=308.445730 client_order_id=0 message='duplicate or out-of-order client_order_id'
2023-03-10 18:45:10,152 [INFO   ] [COMPETITOR] 'TraderOne' sent error message: time=308.499565 client_order_id=1778 message='out-of-order client_order_id in cancel message'
2023-03-10 18:45:10,245 [INFO   ] [COMPETITOR] 'TraderOne' sent error message: time=309.253409 client_order_id=0 message='duplicate or out-of-order client_order_id'
2023-03-10 18:45:10,255 [INFO   ] [COMPETITOR] 'TraderOne' sent error message: time=309.327468 client_order_id=1784 message='out-of-order client_order_id in cancel message'
2023-03-10 18:45:10,296 [INFO   ] [COMPETITOR] 'TraderOne' sent error message: time=309.662045 client_order_id=1788 message='duplicate or out-of-order client_order_id'
2023-03-10 18:45:10,308 [INFO   ] [COMPETITOR] 'TraderOne' sent error message: time=309.757759 client_order_id=1789 message='out-of-order client_order_id in cancel message'
2023-03-10 18:45:10,465 [INFO   ] [COMPETITOR] 'TraderOne' sent error message: time=311.009129 client_order_id=0 message='duplicate or out-of-order client_order_id'
2023-03-10 18:45:10,466 [INFO   ] [COMPETITOR] 'TraderOne' sent error message: time=311.017127 client_order_id=1799 message='out-of-order client_order_id in cancel message'
2023-03-10 18:45:10,627 [INFO   ] [COMPETITOR] 'TraderOne' sent error message: time=312.302570 client_order_id=0 message='duplicate or out-of-order client_order_id'
2023-03-10 18:45:10,657 [INFO   ] [COMPETITOR] 'TraderOne' sent error message: time=312.542743 client_order_id=1804 message='out-of-order client_order_id in cancel message'
2023-03-10 18:45:10,902 [INFO   ] [COMPETITOR] 'TraderOne' sent error message: time=314.510124 client_order_id=0 message='duplicate or out-of-order client_order_id'
2023-03-10 18:45:10,903 [INFO   ] [COMPETITOR] 'TraderOne' sent error message: time=314.510788 client_order_id=1814 message='out-of-order client_order_id in cancel message'
2023-03-10 18:45:11,110 [INFO   ] [COMPETITOR] 'TraderOne' sent error message: time=316.168413 client_order_id=0 message='duplicate or out-of-order client_order_id'
2023-03-10 18:45:11,124 [INFO   ] [COMPETITOR] 'TraderOne' sent error message: time=316.281853 client_order_id=1824 message='out-of-order client_order_id in cancel message'
2023-03-10 18:45:11,358 [INFO   ] [COMPETITOR] 'TraderOne' sent error message: time=318.153286 client_order_id=0 message='duplicate or out-of-order client_order_id'
2023-03-10 18:45:11,375 [INFO   ] [COMPETITOR] 'TraderOne' sent error message: time=318.286165 client_order_id=1831 message='out-of-order client_order_id in cancel message'
2023-03-10 18:45:11,440 [INFO   ] [COMPETITOR] 'TraderOne' sent error message: time=318.807237 client_order_id=1837 message='duplicate or out-of-order client_order_id'
2023-03-10 18:45:11,474 [INFO   ] [COMPETITOR] 'TraderOne' sent error message: time=319.079064 client_order_id=1838 message='out-of-order client_order_id in cancel message'
2023-03-10 18:45:11,474 [INFO   ] [COMPETITOR] 'TraderOne' sent error message: time=319.083114 client_order_id=1840 message='duplicate or out-of-order client_order_id'
2023-03-10 18:45:11,499 [INFO   ] [COMPETITOR] 'TraderOne' sent error message: time=319.281169 client_order_id=1841 message='out-of-order client_order_id in cancel message'
2023-03-10 18:45:11,499 [INFO   ] [COMPETITOR] 'TraderOne' sent error message: time=319.286007 client_order_id=0 message='duplicate or out-of-order client_order_id'
2023-03-10 18:45:11,514 [INFO   ] [COMPETITOR] 'TraderOne' sent error message: time=319.401685 client_order_id=1844 message='out-of-order client_order_id in amend message'
2023-03-10 18:45:11,531 [INFO   ] [COMPETITOR] 'TraderOne' sent error message: time=319.539609 client_order_id=1844 message='out-of-order client_order_id in cancel message'
2023-03-10 18:45:11,532 [INFO   ] [COMPETITOR] 'TraderOne' sent error message: time=319.542902 client_order_id=0 message='duplicate or out-of-order client_order_id'
2023-03-10 18:45:11,566 [INFO   ] [COMPETITOR] 'TraderOne' sent error message: time=319.816473 client_order_id=1847 message='out-of-order client_order_id in cancel message'
2023-03-10 18:45:11,663 [INFO   ] [COMPETITOR] 'TraderOne' sent error message: time=320.591061 client_order_id=0 message='duplicate or out-of-order client_order_id'
2023-03-10 18:45:11,687 [INFO   ] [COMPETITOR] 'TraderOne' sent error message: time=320.785591 client_order_id=1853 message='out-of-order client_order_id in cancel message'
2023-03-10 18:45:11,934 [INFO   ] [COMPETITOR] 'TraderOne' sent error message: time=322.763139 client_order_id=1862 message='duplicate or out-of-order client_order_id'
2023-03-10 18:45:11,938 [INFO   ] [COMPETITOR] 'TraderOne' sent error message: time=322.788233 client_order_id=1864 message='out-of-order client_order_id in cancel message'
2023-03-10 18:45:11,938 [INFO   ] [COMPETITOR] 'TraderOne' sent error message: time=322.797065 client_order_id=0 message='duplicate or out-of-order client_order_id'
2023-03-10 18:45:11,968 [INFO   ] [COMPETITOR] 'TraderOne' sent error message: time=323.037454 client_order_id=1867 message='out-of-order client_order_id in cancel message'
2023-03-10 18:45:11,969 [INFO   ] [COMPETITOR] 'TraderOne' sent error message: time=323.041856 client_order_id=0 message='duplicate or out-of-order client_order_id'
2023-03-10 18:45:11,997 [INFO   ] [COMPETITOR] 'TraderOne' sent error message: time=323.266030 client_order_id=1870 message='out-of-order client_order_id in cancel message'
2023-03-10 18:45:12,035 [INFO   ] [COMPETITOR] 'TraderOne' sent error message: time=323.567888 client_order_id=0 message='duplicate or out-of-order client_order_id'
2023-03-10 18:45:12,059 [INFO   ] [COMPETITOR] 'TraderOne' sent error message: time=323.763775 client_order_id=1875 message='out-of-order client_order_id in cancel message'
2023-03-10 18:45:12,090 [INFO   ] [COMPETITOR] 'TraderOne' sent error message: time=324.010891 client_order_id=0 message='duplicate or out-of-order client_order_id'
2023-03-10 18:45:12,093 [INFO   ] [COMPETITOR] 'TraderOne' sent error message: time=324.036920 client_order_id=1878 message='out-of-order client_order_id in cancel message'
2023-03-10 18:45:12,132 [INFO   ] [COMPETITOR] 'TraderOne' sent error message: time=324.348241 client_order_id=0 message='duplicate or out-of-order client_order_id'
2023-03-10 18:45:12,156 [INFO   ] [COMPETITOR] 'TraderOne' sent error message: time=324.534635 client_order_id=1881 message='out-of-order client_order_id in cancel message'
2023-03-10 18:45:12,216 [INFO   ] [COMPETITOR] 'TraderOne' sent error message: time=325.015291 client_order_id=0 message='duplicate or out-of-order client_order_id'
2023-03-10 18:45:12,216 [INFO   ] [COMPETITOR] 'TraderOne' sent error message: time=325.018180 client_order_id=1884 message='out-of-order client_order_id in cancel message'
2023-03-10 18:45:12,499 [INFO   ] [COMPETITOR] 'TraderOne' sent error message: time=327.275705 client_order_id=1894 message='ETF position limit breached'
2023-03-10 18:45:12,499 [INFO   ] [COMPETITOR] 'TraderOne' closing execution channel at time=327.275705
2023-03-10 18:45:12,499 [INFO   ] [CONNECTION] fd=24 connection lost
2023-03-10 18:45:39,784 [INFO   ] [APP] SIGTERM signal received - shutting down...
2023-03-10 18:45:39,784 [INFO   ] [APP] closing event loop
